[INFO] 11:23:01:840 TP0/(6406:6406): Soy un log
[INFO] 11:23:01:840 TP0/(6406:6406): Hola, soy un valor
[INFO] 11:23:25:859 TP0/(6406:6406): Zapallo
[INFO] 11:23:33:068 TP0/(6406:6406): Zpatilla
[INFO] 11:23:43:909 TP0/(6406:6406): Soy el hombre de las poesias
[INFO] 11:23:49:025 TP0/(6406:6406): Tu fiel admirador}
[INFO] 11:23:49:061 TP0/(6406:6406): 
[INFO] 11:23:52:929 TP0/(6406:6406): 
[INFO] 11:24:13:026 TP0/(6406:6406): Banco de la nacion
[INFO] 11:24:17:964 TP0/(6406:6406): 
[INFO] 11:24:26:068 TP0/(6406:6406): \0
[INFO] 11:24:33:446 TP0/(6406:6406): .
[INFO] 11:24:34:061 TP0/(6406:6406): 
[INFO] 11:24:34:726 TP0/(6406:6406): 
[INFO] 11:24:34:933 TP0/(6406:6406): 
[INFO] 11:24:35:333 TP0/(6406:6406): 
[INFO] 11:24:35:502 TP0/(6406:6406): 
[INFO] 11:24:47:505 TP0/(6406:6406): \0
[INFO] 11:27:22:548 TP0/(6485:6485): Soy un log
[INFO] 11:27:47:603 TP0/(6485:6485): Hola, soy un valor
[INFO] 11:29:16:218 TP0/(6485:6485): hola
[INFO] 11:30:43:620 TP0/(6579:6579): Soy un log
[INFO] 11:30:43:620 TP0/(6579:6579): Hola, soy un valor
[INFO] 11:30:57:280 TP0/(6579:6579): hola
[INFO] 11:31:47:030 TP0/(6643:6643): Soy un log
[INFO] 11:31:47:030 TP0/(6643:6643): Hola, soy un valor
[INFO] 11:31:53:425 TP0/(6643:6643): Hola
[INFO] 11:33:12:277 TP0/(6672:6672): Soy un log
[INFO] 11:33:14:309 TP0/(6672:6672): Hola, soy un valor
[INFO] 11:34:07:460 TP0/(6672:6672): hola
[INFO] 11:36:59:852 TP0/(6877:6877): Soy un log
[INFO] 11:36:59:852 TP0/(6877:6877): Hola, soy un valor
